<?xml version="1.0" encoding="UTF-8"?>
<!-- Generated by org.testng.reporters.JUnitReportReporter -->
<testsuite hostname="LAPTOP-B7P4J8VT" failures="0" tests="1" name="testCases.testChangePassword" time="3.725" errors="0" timestamp="2024-10-27T04:48:38 IST" skipped="0">
  <testcase classname="testCases.testChangePassword" name="verifyChangePassword" time="3.725"/>
</testsuite> <!-- testCases.testChangePassword -->
