<?xml version="1.0" encoding="UTF-8"?>
<!-- Generated by org.testng.reporters.JUnitReportReporter -->
<testsuite hostname="LAPTOP-B7P4J8VT" failures="0" tests="1" name="testCases.AccontRegistractionTest" time="2.004" errors="0" timestamp="2024-11-14T07:53:01 IST" skipped="0">
  <testcase classname="testCases.AccontRegistractionTest" name="verify_account_registraction" time="2.004"/>
</testsuite> <!-- testCases.AccontRegistractionTest -->
